/login.html
/login.css
/login.js
/baby.jpg
/getData
/login.html
/login.css
/login.js
/baby.jpg
/getData
/login.html
/login.css
/login.js
/baby.jpg
/getData
/login.css
/login.html
/login.css
/login.js
/baby.jpg
/getData
/login.html
/login.css
/login.js
/baby.jpg
/getData
/login.html
/login.css
/login.js
/baby.jpg
/getData
/login.html
/login.css
/baby.jpg
/login.js
/getData
/login.html
/login.css
/baby.jpg
/login.js
/getData
/login.html
/login.css
/login.js
/baby.jpg
/getData
/login.html
/login.css
/login.js
/baby.jpg
/getData
/login.html
/login.css
/login.js
/baby.jpg
/getData
/login.html
/login.css
/baby.jpg
/login.js
/login.html
/login.css
/login.js
/baby.jpg
/getData
/login.html
/login.css
/login.js
/baby.jpg
/getData
/login.html
/login.css
/baby.jpg
/login.js
/getData
/login.html
/login.css
/login.js
/baby.jpg
/login.html
/login.css
/login.js
/baby.jpg
/getData
/login.html
/login.js
/login.css
/baby.jpg
/getData
/login.html
/login.css
/login.js
/baby.jpg
/getData
/login.html
/login.css
/login.js
/baby.jpg
/getData
/login.html
/login.js
/login.css
/baby.jpg
/getData
/login.html
/login.css
/login.js
/baby.jpg
/getData
/login.html
/login.css
/login.js
/baby.jpg
/getData
/login.html
/login.css
/login.js
/baby.jpg
/getData
/login.html
/login.css
/login.js
/baby.jpg
/login.html
/login.css
/login.js
/baby.jpg
/getData
/login.html
/login.css
/login.js
/baby.jpg
/getData
/login.html
/login.css
/baby.jpg
/login.js
/getData
/login.html
/login.css
/login.js
/getData
/login.html
/login.css
/login.js
/login.html
/login.css
/login.js
/getData
/login
/baby.jpg
/login
/login
/login
/login.html
/login.css
/login.js
/getData
/login
/login.html
/login.css
/login.js
/getData
/login
/login
/login
/login
/login
/login.html
/login.html
/login.css
/login.js
/login.html
/login.css
/login.js
/getData
/login.html
/login.css
/login.js
/getData
/login.html
/login.css
/login.js
/getData
/login.html
/login.css
/login.js
/getData
/login
/login
/login.html
/login.css
/login.js
/login
/login.html
/login.css
/login.js
/login.html
/login.css
/login.js
/getData
/login.html
/login.css
/login.js
/getData
/login
/login.html
/login.css
/login.js
/getData
/login
/login.html
/login.css
/login.js
/getData
/login
/login.html
/login.css
/login.js
/getData
/login
/login.html
/login.css
/login.js
/getData
/favicon.ico
/login
/login
/login
